Solid Edge Translation to STL
Date: lördag,mars 02,2024 12:47
Source File:C:\Users\masip\Documents\KTH\KTH VT24\KeX_KTH\CAD\Motorfäste_Växellåda\Motorfäste_Omstart.par
Source System: SOLID EDGE

Hardware:
Processor: AMD Ryzen 9 6900HS with Radeon Graphics        
Operating System: Windows 10
Installed Memory: 31,24 GB

Software Information:
Parasolid Version: 35.0.149
PSBodyshop Version: 35.0.82
Solid Edge Version: 223.00.00.101 x64

STL Export Options:
Output File Format:BINARY
Export Displayed Parts:Off
structureOption: Monolithic
Export Units:Millimeter
Export Tolerance Value:0,001000
Export Tolerance Type:Fine
Export Surface Plane Angle Value:0,523599

Translation progress:
Phase 1 of 2 Fetching Parasolid information...
Phase 2 of 2 Translating Parasolid to foreign data types...
Number of STL file Created : 1
Translation process completed
Time required to translate:00 : 00 : 12
